<?xml version="1.0" encoding="UTF-8"?>
<testsuite name="com.team254.lib.swerve.SwerveSetpointGeneratorTest" tests="1" skipped="0" failures="0" errors="0" timestamp="2023-01-06T00:16:50" hostname="C02YX0C2LVDT" time="0.119">
  <properties/>
  <testcase name="testGenerateSetpoint" classname="com.team254.lib.swerve.SwerveSetpointGeneratorTest" time="0.119"/>
  <system-out><![CDATA[Driving to goal state ChassisSpeeds(Vx: 0.00 m/s, Vy: 0.00 m/s, Omega: 1.00 rad/s)
Initial state: ChassisSpeeds(Vx: 0.00 m/s, Vy: 0.00 m/s, Omega: 0.00 rad/s)
  SwerveModuleState(Speed: 0.00 m/s, Angle: (0.000 deg))
  SwerveModuleState(Speed: 0.00 m/s, Angle: (0.000 deg))
  SwerveModuleState(Speed: 0.00 m/s, Angle: (0.000 deg))
  SwerveModuleState(Speed: 0.00 m/s, Angle: (0.000 deg))

ChassisSpeeds(Vx: 0.00 m/s, Vy: 0.00 m/s, Omega: 0.00 rad/s)
  SwerveModuleState(Speed: 0.00 m/s, Angle: (-15.000 deg))
  SwerveModuleState(Speed: 0.00 m/s, Angle: (15.000 deg))
  SwerveModuleState(Speed: 0.00 m/s, Angle: (15.000 deg))
  SwerveModuleState(Speed: 0.00 m/s, Angle: (-15.000 deg))

ChassisSpeeds(Vx: 0.00 m/s, Vy: 0.00 m/s, Omega: 0.00 rad/s)
  SwerveModuleState(Speed: 0.00 m/s, Angle: (-30.000 deg))
  SwerveModuleState(Speed: 0.00 m/s, Angle: (30.000 deg))
  SwerveModuleState(Speed: 0.00 m/s, Angle: (30.000 deg))
  SwerveModuleState(Speed: 0.00 m/s, Angle: (-30.000 deg))

ChassisSpeeds(Vx: 0.00 m/s, Vy: 0.00 m/s, Omega: 0.00 rad/s)
  SwerveModuleState(Speed: 0.00 m/s, Angle: (-45.000 deg))
  SwerveModuleState(Speed: 0.00 m/s, Angle: (45.000 deg))
  SwerveModuleState(Speed: 0.00 m/s, Angle: (45.000 deg))
  SwerveModuleState(Speed: 0.00 m/s, Angle: (-45.000 deg))

ChassisSpeeds(Vx: 0.00 m/s, Vy: 0.00 m/s, Omega: 0.23 rad/s)
  SwerveModuleState(Speed: -0.10 m/s, Angle: (-45.000 deg))
  SwerveModuleState(Speed: 0.10 m/s, Angle: (45.000 deg))
  SwerveModuleState(Speed: -0.10 m/s, Angle: (45.000 deg))
  SwerveModuleState(Speed: 0.10 m/s, Angle: (-45.000 deg))

ChassisSpeeds(Vx: 0.00 m/s, Vy: 0.00 m/s, Omega: 0.46 rad/s)
  SwerveModuleState(Speed: -0.20 m/s, Angle: (-45.000 deg))
  SwerveModuleState(Speed: 0.20 m/s, Angle: (45.000 deg))
  SwerveModuleState(Speed: -0.20 m/s, Angle: (45.000 deg))
  SwerveModuleState(Speed: 0.20 m/s, Angle: (-45.000 deg))

ChassisSpeeds(Vx: 0.00 m/s, Vy: 0.00 m/s, Omega: 0.69 rad/s)
  SwerveModuleState(Speed: -0.30 m/s, Angle: (-45.000 deg))
  SwerveModuleState(Speed: 0.30 m/s, Angle: (45.000 deg))
  SwerveModuleState(Speed: -0.30 m/s, Angle: (45.000 deg))
  SwerveModuleState(Speed: 0.30 m/s, Angle: (-45.000 deg))

ChassisSpeeds(Vx: 0.00 m/s, Vy: 0.00 m/s, Omega: 0.92 rad/s)
  SwerveModuleState(Speed: -0.40 m/s, Angle: (-45.000 deg))
  SwerveModuleState(Speed: 0.40 m/s, Angle: (45.000 deg))
  SwerveModuleState(Speed: -0.40 m/s, Angle: (45.000 deg))
  SwerveModuleState(Speed: 0.40 m/s, Angle: (-45.000 deg))

ChassisSpeeds(Vx: 0.00 m/s, Vy: 0.00 m/s, Omega: 1.00 rad/s)
  SwerveModuleState(Speed: -0.44 m/s, Angle: (-45.000 deg))
  SwerveModuleState(Speed: 0.44 m/s, Angle: (45.000 deg))
  SwerveModuleState(Speed: -0.44 m/s, Angle: (45.000 deg))
  SwerveModuleState(Speed: 0.44 m/s, Angle: (-45.000 deg))

Driving to goal state ChassisSpeeds(Vx: 0.00 m/s, Vy: 0.00 m/s, Omega: -1.00 rad/s)
Initial state: ChassisSpeeds(Vx: 0.00 m/s, Vy: 0.00 m/s, Omega: 1.00 rad/s)
  SwerveModuleState(Speed: -0.44 m/s, Angle: (-45.000 deg))
  SwerveModuleState(Speed: 0.44 m/s, Angle: (45.000 deg))
  SwerveModuleState(Speed: -0.44 m/s, Angle: (45.000 deg))
  SwerveModuleState(Speed: 0.44 m/s, Angle: (-45.000 deg))

ChassisSpeeds(Vx: 0.00 m/s, Vy: 0.00 m/s, Omega: 0.77 rad/s)
  SwerveModuleState(Speed: -0.34 m/s, Angle: (-45.000 deg))
  SwerveModuleState(Speed: 0.34 m/s, Angle: (45.000 deg))
  SwerveModuleState(Speed: -0.34 m/s, Angle: (45.000 deg))
  SwerveModuleState(Speed: 0.34 m/s, Angle: (-45.000 deg))

ChassisSpeeds(Vx: 0.00 m/s, Vy: 0.00 m/s, Omega: 0.54 rad/s)
  SwerveModuleState(Speed: -0.24 m/s, Angle: (-45.000 deg))
  SwerveModuleState(Speed: 0.24 m/s, Angle: (45.000 deg))
  SwerveModuleState(Speed: -0.24 m/s, Angle: (45.000 deg))
  SwerveModuleState(Speed: 0.24 m/s, Angle: (-45.000 deg))

ChassisSpeeds(Vx: 0.00 m/s, Vy: 0.00 m/s, Omega: 0.31 rad/s)
  SwerveModuleState(Speed: -0.14 m/s, Angle: (-45.000 deg))
  SwerveModuleState(Speed: 0.14 m/s, Angle: (45.000 deg))
  SwerveModuleState(Speed: -0.14 m/s, Angle: (45.000 deg))
  SwerveModuleState(Speed: 0.14 m/s, Angle: (-45.000 deg))

ChassisSpeeds(Vx: 0.00 m/s, Vy: 0.00 m/s, Omega: 0.08 rad/s)
  SwerveModuleState(Speed: -0.04 m/s, Angle: (-45.000 deg))
  SwerveModuleState(Speed: 0.04 m/s, Angle: (45.000 deg))
  SwerveModuleState(Speed: -0.04 m/s, Angle: (45.000 deg))
  SwerveModuleState(Speed: 0.04 m/s, Angle: (-45.000 deg))

ChassisSpeeds(Vx: 0.00 m/s, Vy: 0.00 m/s, Omega: 0.00 rad/s)
  SwerveModuleState(Speed: 0.00 m/s, Angle: (-45.000 deg))
  SwerveModuleState(Speed: 0.00 m/s, Angle: (45.000 deg))
  SwerveModuleState(Speed: 0.00 m/s, Angle: (45.000 deg))
  SwerveModuleState(Speed: 0.00 m/s, Angle: (-45.000 deg))

ChassisSpeeds(Vx: 0.00 m/s, Vy: 0.00 m/s, Omega: -0.23 rad/s)
  SwerveModuleState(Speed: 0.10 m/s, Angle: (-45.000 deg))
  SwerveModuleState(Speed: -0.10 m/s, Angle: (45.000 deg))
  SwerveModuleState(Speed: 0.10 m/s, Angle: (45.000 deg))
  SwerveModuleState(Speed: -0.10 m/s, Angle: (-45.000 deg))

ChassisSpeeds(Vx: 0.00 m/s, Vy: 0.00 m/s, Omega: -0.46 rad/s)
  SwerveModuleState(Speed: 0.20 m/s, Angle: (-45.000 deg))
  SwerveModuleState(Speed: -0.20 m/s, Angle: (45.000 deg))
  SwerveModuleState(Speed: 0.20 m/s, Angle: (45.000 deg))
  SwerveModuleState(Speed: -0.20 m/s, Angle: (-45.000 deg))

ChassisSpeeds(Vx: 0.00 m/s, Vy: 0.00 m/s, Omega: -0.69 rad/s)
  SwerveModuleState(Speed: 0.30 m/s, Angle: (-45.000 deg))
  SwerveModuleState(Speed: -0.30 m/s, Angle: (45.000 deg))
  SwerveModuleState(Speed: 0.30 m/s, Angle: (45.000 deg))
  SwerveModuleState(Speed: -0.30 m/s, Angle: (-45.000 deg))

ChassisSpeeds(Vx: 0.00 m/s, Vy: 0.00 m/s, Omega: -0.92 rad/s)
  SwerveModuleState(Speed: 0.40 m/s, Angle: (-45.000 deg))
  SwerveModuleState(Speed: -0.40 m/s, Angle: (45.000 deg))
  SwerveModuleState(Speed: 0.40 m/s, Angle: (45.000 deg))
  SwerveModuleState(Speed: -0.40 m/s, Angle: (-45.000 deg))

ChassisSpeeds(Vx: 0.00 m/s, Vy: 0.00 m/s, Omega: -1.00 rad/s)
  SwerveModuleState(Speed: 0.44 m/s, Angle: (-45.000 deg))
  SwerveModuleState(Speed: -0.44 m/s, Angle: (45.000 deg))
  SwerveModuleState(Speed: 0.44 m/s, Angle: (45.000 deg))
  SwerveModuleState(Speed: -0.44 m/s, Angle: (-45.000 deg))

Driving to goal state ChassisSpeeds(Vx: 0.00 m/s, Vy: 0.00 m/s, Omega: 0.00 rad/s)
Initial state: ChassisSpeeds(Vx: 0.00 m/s, Vy: 0.00 m/s, Omega: -1.00 rad/s)
  SwerveModuleState(Speed: 0.44 m/s, Angle: (-45.000 deg))
  SwerveModuleState(Speed: -0.44 m/s, Angle: (45.000 deg))
  SwerveModuleState(Speed: 0.44 m/s, Angle: (45.000 deg))
  SwerveModuleState(Speed: -0.44 m/s, Angle: (-45.000 deg))

ChassisSpeeds(Vx: 0.00 m/s, Vy: 0.00 m/s, Omega: -0.77 rad/s)
  SwerveModuleState(Speed: 0.34 m/s, Angle: (-45.000 deg))
  SwerveModuleState(Speed: -0.34 m/s, Angle: (45.000 deg))
  SwerveModuleState(Speed: 0.34 m/s, Angle: (45.000 deg))
  SwerveModuleState(Speed: -0.34 m/s, Angle: (-45.000 deg))

ChassisSpeeds(Vx: 0.00 m/s, Vy: 0.00 m/s, Omega: -0.54 rad/s)
  SwerveModuleState(Speed: 0.24 m/s, Angle: (-45.000 deg))
  SwerveModuleState(Speed: -0.24 m/s, Angle: (45.000 deg))
  SwerveModuleState(Speed: 0.24 m/s, Angle: (45.000 deg))
  SwerveModuleState(Speed: -0.24 m/s, Angle: (-45.000 deg))

ChassisSpeeds(Vx: 0.00 m/s, Vy: 0.00 m/s, Omega: -0.31 rad/s)
  SwerveModuleState(Speed: 0.14 m/s, Angle: (-45.000 deg))
  SwerveModuleState(Speed: -0.14 m/s, Angle: (45.000 deg))
  SwerveModuleState(Speed: 0.14 m/s, Angle: (45.000 deg))
  SwerveModuleState(Speed: -0.14 m/s, Angle: (-45.000 deg))

ChassisSpeeds(Vx: 0.00 m/s, Vy: 0.00 m/s, Omega: -0.08 rad/s)
  SwerveModuleState(Speed: 0.04 m/s, Angle: (-45.000 deg))
  SwerveModuleState(Speed: -0.04 m/s, Angle: (45.000 deg))
  SwerveModuleState(Speed: 0.04 m/s, Angle: (45.000 deg))
  SwerveModuleState(Speed: -0.04 m/s, Angle: (-45.000 deg))

ChassisSpeeds(Vx: 0.00 m/s, Vy: 0.00 m/s, Omega: 0.00 rad/s)
  SwerveModuleState(Speed: 0.00 m/s, Angle: (-45.000 deg))
  SwerveModuleState(Speed: 0.00 m/s, Angle: (45.000 deg))
  SwerveModuleState(Speed: 0.00 m/s, Angle: (45.000 deg))
  SwerveModuleState(Speed: 0.00 m/s, Angle: (-45.000 deg))

Driving to goal state ChassisSpeeds(Vx: 1.00 m/s, Vy: 0.00 m/s, Omega: 0.00 rad/s)
Initial state: ChassisSpeeds(Vx: 0.00 m/s, Vy: 0.00 m/s, Omega: 0.00 rad/s)
  SwerveModuleState(Speed: 0.00 m/s, Angle: (-45.000 deg))
  SwerveModuleState(Speed: 0.00 m/s, Angle: (45.000 deg))
  SwerveModuleState(Speed: 0.00 m/s, Angle: (45.000 deg))
  SwerveModuleState(Speed: 0.00 m/s, Angle: (-45.000 deg))

ChassisSpeeds(Vx: 0.00 m/s, Vy: 0.00 m/s, Omega: 0.00 rad/s)
  SwerveModuleState(Speed: 0.00 m/s, Angle: (-30.000 deg))
  SwerveModuleState(Speed: 0.00 m/s, Angle: (30.000 deg))
  SwerveModuleState(Speed: 0.00 m/s, Angle: (30.000 deg))
  SwerveModuleState(Speed: 0.00 m/s, Angle: (-30.000 deg))

ChassisSpeeds(Vx: 0.00 m/s, Vy: 0.00 m/s, Omega: 0.00 rad/s)
  SwerveModuleState(Speed: 0.00 m/s, Angle: (-15.000 deg))
  SwerveModuleState(Speed: 0.00 m/s, Angle: (15.000 deg))
  SwerveModuleState(Speed: 0.00 m/s, Angle: (15.000 deg))
  SwerveModuleState(Speed: 0.00 m/s, Angle: (-15.000 deg))

ChassisSpeeds(Vx: 0.00 m/s, Vy: 0.00 m/s, Omega: 0.00 rad/s)
  SwerveModuleState(Speed: 0.00 m/s, Angle: (-0.000 deg))
  SwerveModuleState(Speed: 0.00 m/s, Angle: (0.000 deg))
  SwerveModuleState(Speed: 0.00 m/s, Angle: (0.000 deg))
  SwerveModuleState(Speed: 0.00 m/s, Angle: (-0.000 deg))

ChassisSpeeds(Vx: 0.10 m/s, Vy: 0.00 m/s, Omega: 0.00 rad/s)
  SwerveModuleState(Speed: 0.10 m/s, Angle: (0.000 deg))
  SwerveModuleState(Speed: 0.10 m/s, Angle: (0.000 deg))
  SwerveModuleState(Speed: 0.10 m/s, Angle: (0.000 deg))
  SwerveModuleState(Speed: 0.10 m/s, Angle: (0.000 deg))

ChassisSpeeds(Vx: 0.20 m/s, Vy: 0.00 m/s, Omega: 0.00 rad/s)
  SwerveModuleState(Speed: 0.20 m/s, Angle: (0.000 deg))
  SwerveModuleState(Speed: 0.20 m/s, Angle: (0.000 deg))
  SwerveModuleState(Speed: 0.20 m/s, Angle: (-0.000 deg))
  SwerveModuleState(Speed: 0.20 m/s, Angle: (-0.000 deg))

ChassisSpeeds(Vx: 0.30 m/s, Vy: 0.00 m/s, Omega: 0.00 rad/s)
  SwerveModuleState(Speed: 0.30 m/s, Angle: (0.000 deg))
  SwerveModuleState(Speed: 0.30 m/s, Angle: (0.000 deg))
  SwerveModuleState(Speed: 0.30 m/s, Angle: (-0.000 deg))
  SwerveModuleState(Speed: 0.30 m/s, Angle: (-0.000 deg))

ChassisSpeeds(Vx: 0.40 m/s, Vy: 0.00 m/s, Omega: 0.00 rad/s)
  SwerveModuleState(Speed: 0.40 m/s, Angle: (0.000 deg))
  SwerveModuleState(Speed: 0.40 m/s, Angle: (0.000 deg))
  SwerveModuleState(Speed: 0.40 m/s, Angle: (-0.000 deg))
  SwerveModuleState(Speed: 0.40 m/s, Angle: (-0.000 deg))

ChassisSpeeds(Vx: 0.50 m/s, Vy: 0.00 m/s, Omega: 0.00 rad/s)
  SwerveModuleState(Speed: 0.50 m/s, Angle: (0.000 deg))
  SwerveModuleState(Speed: 0.50 m/s, Angle: (0.000 deg))
  SwerveModuleState(Speed: 0.50 m/s, Angle: (-0.000 deg))
  SwerveModuleState(Speed: 0.50 m/s, Angle: (-0.000 deg))

ChassisSpeeds(Vx: 0.60 m/s, Vy: 0.00 m/s, Omega: 0.00 rad/s)
  SwerveModuleState(Speed: 0.60 m/s, Angle: (0.000 deg))
  SwerveModuleState(Speed: 0.60 m/s, Angle: (0.000 deg))
  SwerveModuleState(Speed: 0.60 m/s, Angle: (-0.000 deg))
  SwerveModuleState(Speed: 0.60 m/s, Angle: (-0.000 deg))

ChassisSpeeds(Vx: 0.70 m/s, Vy: 0.00 m/s, Omega: 0.00 rad/s)
  SwerveModuleState(Speed: 0.70 m/s, Angle: (0.000 deg))
  SwerveModuleState(Speed: 0.70 m/s, Angle: (0.000 deg))
  SwerveModuleState(Speed: 0.70 m/s, Angle: (-0.000 deg))
  SwerveModuleState(Speed: 0.70 m/s, Angle: (-0.000 deg))

ChassisSpeeds(Vx: 0.80 m/s, Vy: 0.00 m/s, Omega: 0.00 rad/s)
  SwerveModuleState(Speed: 0.80 m/s, Angle: (0.000 deg))
  SwerveModuleState(Speed: 0.80 m/s, Angle: (0.000 deg))
  SwerveModuleState(Speed: 0.80 m/s, Angle: (-0.000 deg))
  SwerveModuleState(Speed: 0.80 m/s, Angle: (-0.000 deg))

ChassisSpeeds(Vx: 0.90 m/s, Vy: 0.00 m/s, Omega: 0.00 rad/s)
  SwerveModuleState(Speed: 0.90 m/s, Angle: (0.000 deg))
  SwerveModuleState(Speed: 0.90 m/s, Angle: (0.000 deg))
  SwerveModuleState(Speed: 0.90 m/s, Angle: (-0.000 deg))
  SwerveModuleState(Speed: 0.90 m/s, Angle: (-0.000 deg))

ChassisSpeeds(Vx: 1.00 m/s, Vy: 0.00 m/s, Omega: 0.00 rad/s)
  SwerveModuleState(Speed: 1.00 m/s, Angle: (0.000 deg))
  SwerveModuleState(Speed: 1.00 m/s, Angle: (0.000 deg))
  SwerveModuleState(Speed: 1.00 m/s, Angle: (-0.000 deg))
  SwerveModuleState(Speed: 1.00 m/s, Angle: (-0.000 deg))

Driving to goal state ChassisSpeeds(Vx: 0.00 m/s, Vy: 1.00 m/s, Omega: 0.00 rad/s)
Initial state: ChassisSpeeds(Vx: 1.00 m/s, Vy: 0.00 m/s, Omega: 0.00 rad/s)
  SwerveModuleState(Speed: 1.00 m/s, Angle: (0.000 deg))
  SwerveModuleState(Speed: 1.00 m/s, Angle: (0.000 deg))
  SwerveModuleState(Speed: 1.00 m/s, Angle: (-0.000 deg))
  SwerveModuleState(Speed: 1.00 m/s, Angle: (-0.000 deg))

ChassisSpeeds(Vx: 0.90 m/s, Vy: 0.00 m/s, Omega: 0.00 rad/s)
  SwerveModuleState(Speed: 0.90 m/s, Angle: (0.000 deg))
  SwerveModuleState(Speed: 0.90 m/s, Angle: (0.000 deg))
  SwerveModuleState(Speed: 0.90 m/s, Angle: (-0.000 deg))
  SwerveModuleState(Speed: 0.90 m/s, Angle: (-0.000 deg))

ChassisSpeeds(Vx: 0.80 m/s, Vy: 0.00 m/s, Omega: 0.00 rad/s)
  SwerveModuleState(Speed: 0.80 m/s, Angle: (0.000 deg))
  SwerveModuleState(Speed: 0.80 m/s, Angle: (0.000 deg))
  SwerveModuleState(Speed: 0.80 m/s, Angle: (-0.000 deg))
  SwerveModuleState(Speed: 0.80 m/s, Angle: (-0.000 deg))

ChassisSpeeds(Vx: 0.70 m/s, Vy: 0.00 m/s, Omega: 0.00 rad/s)
  SwerveModuleState(Speed: 0.70 m/s, Angle: (0.000 deg))
  SwerveModuleState(Speed: 0.70 m/s, Angle: (0.000 deg))
  SwerveModuleState(Speed: 0.70 m/s, Angle: (-0.000 deg))
  SwerveModuleState(Speed: 0.70 m/s, Angle: (-0.000 deg))

ChassisSpeeds(Vx: 0.60 m/s, Vy: 0.00 m/s, Omega: 0.00 rad/s)
  SwerveModuleState(Speed: 0.60 m/s, Angle: (0.000 deg))
  SwerveModuleState(Speed: 0.60 m/s, Angle: (0.000 deg))
  SwerveModuleState(Speed: 0.60 m/s, Angle: (-0.000 deg))
  SwerveModuleState(Speed: 0.60 m/s, Angle: (-0.000 deg))

ChassisSpeeds(Vx: 0.50 m/s, Vy: 0.00 m/s, Omega: 0.00 rad/s)
  SwerveModuleState(Speed: 0.50 m/s, Angle: (0.000 deg))
  SwerveModuleState(Speed: 0.50 m/s, Angle: (0.000 deg))
  SwerveModuleState(Speed: 0.50 m/s, Angle: (-0.000 deg))
  SwerveModuleState(Speed: 0.50 m/s, Angle: (-0.000 deg))

ChassisSpeeds(Vx: 0.40 m/s, Vy: 0.00 m/s, Omega: 0.00 rad/s)
  SwerveModuleState(Speed: 0.40 m/s, Angle: (0.000 deg))
  SwerveModuleState(Speed: 0.40 m/s, Angle: (0.000 deg))
  SwerveModuleState(Speed: 0.40 m/s, Angle: (-0.000 deg))
  SwerveModuleState(Speed: 0.40 m/s, Angle: (-0.000 deg))

ChassisSpeeds(Vx: 0.30 m/s, Vy: 0.00 m/s, Omega: 0.00 rad/s)
  SwerveModuleState(Speed: 0.30 m/s, Angle: (0.000 deg))
  SwerveModuleState(Speed: 0.30 m/s, Angle: (0.000 deg))
  SwerveModuleState(Speed: 0.30 m/s, Angle: (-0.000 deg))
  SwerveModuleState(Speed: 0.30 m/s, Angle: (-0.000 deg))

ChassisSpeeds(Vx: 0.20 m/s, Vy: 0.00 m/s, Omega: 0.00 rad/s)
  SwerveModuleState(Speed: 0.20 m/s, Angle: (0.000 deg))
  SwerveModuleState(Speed: 0.20 m/s, Angle: (0.000 deg))
  SwerveModuleState(Speed: 0.20 m/s, Angle: (-0.000 deg))
  SwerveModuleState(Speed: 0.20 m/s, Angle: (-0.000 deg))

ChassisSpeeds(Vx: 0.10 m/s, Vy: 0.00 m/s, Omega: 0.00 rad/s)
  SwerveModuleState(Speed: 0.10 m/s, Angle: (0.000 deg))
  SwerveModuleState(Speed: 0.10 m/s, Angle: (0.000 deg))
  SwerveModuleState(Speed: 0.10 m/s, Angle: (-0.000 deg))
  SwerveModuleState(Speed: 0.10 m/s, Angle: (-0.000 deg))

ChassisSpeeds(Vx: 0.00 m/s, Vy: 0.00 m/s, Omega: 0.00 rad/s)
  SwerveModuleState(Speed: 0.00 m/s, Angle: (0.000 deg))
  SwerveModuleState(Speed: 0.00 m/s, Angle: (0.000 deg))
  SwerveModuleState(Speed: 0.00 m/s, Angle: (-0.000 deg))
  SwerveModuleState(Speed: 0.00 m/s, Angle: (-0.000 deg))

ChassisSpeeds(Vx: 0.00 m/s, Vy: 0.00 m/s, Omega: 0.00 rad/s)
  SwerveModuleState(Speed: 0.00 m/s, Angle: (15.000 deg))
  SwerveModuleState(Speed: 0.00 m/s, Angle: (15.000 deg))
  SwerveModuleState(Speed: 0.00 m/s, Angle: (-15.000 deg))
  SwerveModuleState(Speed: 0.00 m/s, Angle: (-15.000 deg))

ChassisSpeeds(Vx: 0.00 m/s, Vy: 0.00 m/s, Omega: 0.00 rad/s)
  SwerveModuleState(Speed: 0.00 m/s, Angle: (30.000 deg))
  SwerveModuleState(Speed: 0.00 m/s, Angle: (30.000 deg))
  SwerveModuleState(Speed: 0.00 m/s, Angle: (-30.000 deg))
  SwerveModuleState(Speed: 0.00 m/s, Angle: (-30.000 deg))

ChassisSpeeds(Vx: 0.00 m/s, Vy: 0.00 m/s, Omega: 0.00 rad/s)
  SwerveModuleState(Speed: 0.00 m/s, Angle: (45.000 deg))
  SwerveModuleState(Speed: 0.00 m/s, Angle: (45.000 deg))
  SwerveModuleState(Speed: 0.00 m/s, Angle: (-45.000 deg))
  SwerveModuleState(Speed: 0.00 m/s, Angle: (-45.000 deg))

ChassisSpeeds(Vx: 0.00 m/s, Vy: 0.00 m/s, Omega: 0.00 rad/s)
  SwerveModuleState(Speed: 0.00 m/s, Angle: (60.000 deg))
  SwerveModuleState(Speed: 0.00 m/s, Angle: (60.000 deg))
  SwerveModuleState(Speed: 0.00 m/s, Angle: (-60.000 deg))
  SwerveModuleState(Speed: 0.00 m/s, Angle: (-60.000 deg))

ChassisSpeeds(Vx: 0.00 m/s, Vy: 0.00 m/s, Omega: 0.00 rad/s)
  SwerveModuleState(Speed: 0.00 m/s, Angle: (75.000 deg))
  SwerveModuleState(Speed: 0.00 m/s, Angle: (75.000 deg))
  SwerveModuleState(Speed: 0.00 m/s, Angle: (-75.000 deg))
  SwerveModuleState(Speed: 0.00 m/s, Angle: (-75.000 deg))

ChassisSpeeds(Vx: 0.00 m/s, Vy: 0.00 m/s, Omega: 0.00 rad/s)
  SwerveModuleState(Speed: 0.00 m/s, Angle: (90.000 deg))
  SwerveModuleState(Speed: 0.00 m/s, Angle: (90.000 deg))
  SwerveModuleState(Speed: 0.00 m/s, Angle: (-90.000 deg))
  SwerveModuleState(Speed: 0.00 m/s, Angle: (-90.000 deg))

ChassisSpeeds(Vx: 0.00 m/s, Vy: 0.10 m/s, Omega: -0.00 rad/s)
  SwerveModuleState(Speed: 0.10 m/s, Angle: (90.000 deg))
  SwerveModuleState(Speed: 0.10 m/s, Angle: (90.000 deg))
  SwerveModuleState(Speed: -0.10 m/s, Angle: (-90.000 deg))
  SwerveModuleState(Speed: -0.10 m/s, Angle: (-90.000 deg))

ChassisSpeeds(Vx: 0.00 m/s, Vy: 0.20 m/s, Omega: -0.00 rad/s)
  SwerveModuleState(Speed: 0.20 m/s, Angle: (90.000 deg))
  SwerveModuleState(Speed: 0.20 m/s, Angle: (90.000 deg))
  SwerveModuleState(Speed: -0.20 m/s, Angle: (-90.000 deg))
  SwerveModuleState(Speed: -0.20 m/s, Angle: (-90.000 deg))

ChassisSpeeds(Vx: 0.00 m/s, Vy: 0.30 m/s, Omega: -0.00 rad/s)
  SwerveModuleState(Speed: 0.30 m/s, Angle: (90.000 deg))
  SwerveModuleState(Speed: 0.30 m/s, Angle: (90.000 deg))
  SwerveModuleState(Speed: -0.30 m/s, Angle: (-90.000 deg))
  SwerveModuleState(Speed: -0.30 m/s, Angle: (-90.000 deg))

ChassisSpeeds(Vx: 0.00 m/s, Vy: 0.40 m/s, Omega: -0.00 rad/s)
  SwerveModuleState(Speed: 0.40 m/s, Angle: (90.000 deg))
  SwerveModuleState(Speed: 0.40 m/s, Angle: (90.000 deg))
  SwerveModuleState(Speed: -0.40 m/s, Angle: (-90.000 deg))
  SwerveModuleState(Speed: -0.40 m/s, Angle: (-90.000 deg))

ChassisSpeeds(Vx: 0.00 m/s, Vy: 0.50 m/s, Omega: -0.00 rad/s)
  SwerveModuleState(Speed: 0.50 m/s, Angle: (90.000 deg))
  SwerveModuleState(Speed: 0.50 m/s, Angle: (90.000 deg))
  SwerveModuleState(Speed: -0.50 m/s, Angle: (-90.000 deg))
  SwerveModuleState(Speed: -0.50 m/s, Angle: (-90.000 deg))

ChassisSpeeds(Vx: 0.00 m/s, Vy: 0.60 m/s, Omega: -0.00 rad/s)
  SwerveModuleState(Speed: 0.60 m/s, Angle: (90.000 deg))
  SwerveModuleState(Speed: 0.60 m/s, Angle: (90.000 deg))
  SwerveModuleState(Speed: -0.60 m/s, Angle: (-90.000 deg))
  SwerveModuleState(Speed: -0.60 m/s, Angle: (-90.000 deg))

ChassisSpeeds(Vx: 0.00 m/s, Vy: 0.70 m/s, Omega: -0.00 rad/s)
  SwerveModuleState(Speed: 0.70 m/s, Angle: (90.000 deg))
  SwerveModuleState(Speed: 0.70 m/s, Angle: (90.000 deg))
  SwerveModuleState(Speed: -0.70 m/s, Angle: (-90.000 deg))
  SwerveModuleState(Speed: -0.70 m/s, Angle: (-90.000 deg))

ChassisSpeeds(Vx: 0.00 m/s, Vy: 0.80 m/s, Omega: -0.00 rad/s)
  SwerveModuleState(Speed: 0.80 m/s, Angle: (90.000 deg))
  SwerveModuleState(Speed: 0.80 m/s, Angle: (90.000 deg))
  SwerveModuleState(Speed: -0.80 m/s, Angle: (-90.000 deg))
  SwerveModuleState(Speed: -0.80 m/s, Angle: (-90.000 deg))

ChassisSpeeds(Vx: 0.00 m/s, Vy: 0.90 m/s, Omega: -0.00 rad/s)
  SwerveModuleState(Speed: 0.90 m/s, Angle: (90.000 deg))
  SwerveModuleState(Speed: 0.90 m/s, Angle: (90.000 deg))
  SwerveModuleState(Speed: -0.90 m/s, Angle: (-90.000 deg))
  SwerveModuleState(Speed: -0.90 m/s, Angle: (-90.000 deg))

ChassisSpeeds(Vx: 0.00 m/s, Vy: 1.00 m/s, Omega: -0.00 rad/s)
  SwerveModuleState(Speed: 1.00 m/s, Angle: (90.000 deg))
  SwerveModuleState(Speed: 1.00 m/s, Angle: (90.000 deg))
  SwerveModuleState(Speed: -1.00 m/s, Angle: (-90.000 deg))
  SwerveModuleState(Speed: -1.00 m/s, Angle: (-90.000 deg))

Driving to goal state ChassisSpeeds(Vx: 0.10 m/s, Vy: -1.00 m/s, Omega: 0.00 rad/s)
Initial state: ChassisSpeeds(Vx: 0.00 m/s, Vy: 1.00 m/s, Omega: -0.00 rad/s)
  SwerveModuleState(Speed: 1.00 m/s, Angle: (90.000 deg))
  SwerveModuleState(Speed: 1.00 m/s, Angle: (90.000 deg))
  SwerveModuleState(Speed: -1.00 m/s, Angle: (-90.000 deg))
  SwerveModuleState(Speed: -1.00 m/s, Angle: (-90.000 deg))

ChassisSpeeds(Vx: 0.00 m/s, Vy: 0.90 m/s, Omega: -0.00 rad/s)
  SwerveModuleState(Speed: 0.90 m/s, Angle: (90.000 deg))
  SwerveModuleState(Speed: 0.90 m/s, Angle: (90.000 deg))
  SwerveModuleState(Speed: -0.90 m/s, Angle: (-90.000 deg))
  SwerveModuleState(Speed: -0.90 m/s, Angle: (-90.000 deg))

ChassisSpeeds(Vx: 0.00 m/s, Vy: 0.80 m/s, Omega: -0.00 rad/s)
  SwerveModuleState(Speed: 0.80 m/s, Angle: (90.000 deg))
  SwerveModuleState(Speed: 0.80 m/s, Angle: (90.000 deg))
  SwerveModuleState(Speed: -0.80 m/s, Angle: (-90.000 deg))
  SwerveModuleState(Speed: -0.80 m/s, Angle: (-90.000 deg))

ChassisSpeeds(Vx: 0.00 m/s, Vy: 0.70 m/s, Omega: -0.00 rad/s)
  SwerveModuleState(Speed: 0.70 m/s, Angle: (90.000 deg))
  SwerveModuleState(Speed: 0.70 m/s, Angle: (90.000 deg))
  SwerveModuleState(Speed: -0.70 m/s, Angle: (-90.000 deg))
  SwerveModuleState(Speed: -0.70 m/s, Angle: (-90.000 deg))

ChassisSpeeds(Vx: 0.00 m/s, Vy: 0.60 m/s, Omega: -0.00 rad/s)
  SwerveModuleState(Speed: 0.60 m/s, Angle: (90.000 deg))
  SwerveModuleState(Speed: 0.60 m/s, Angle: (90.000 deg))
  SwerveModuleState(Speed: -0.60 m/s, Angle: (-90.000 deg))
  SwerveModuleState(Speed: -0.60 m/s, Angle: (-90.000 deg))

ChassisSpeeds(Vx: 0.00 m/s, Vy: 0.50 m/s, Omega: -0.00 rad/s)
  SwerveModuleState(Speed: 0.50 m/s, Angle: (90.000 deg))
  SwerveModuleState(Speed: 0.50 m/s, Angle: (90.000 deg))
  SwerveModuleState(Speed: -0.50 m/s, Angle: (-90.000 deg))
  SwerveModuleState(Speed: -0.50 m/s, Angle: (-90.000 deg))

ChassisSpeeds(Vx: 0.00 m/s, Vy: 0.40 m/s, Omega: -0.00 rad/s)
  SwerveModuleState(Speed: 0.40 m/s, Angle: (90.000 deg))
  SwerveModuleState(Speed: 0.40 m/s, Angle: (90.000 deg))
  SwerveModuleState(Speed: -0.40 m/s, Angle: (-90.000 deg))
  SwerveModuleState(Speed: -0.40 m/s, Angle: (-90.000 deg))

ChassisSpeeds(Vx: 0.00 m/s, Vy: 0.30 m/s, Omega: -0.00 rad/s)
  SwerveModuleState(Speed: 0.30 m/s, Angle: (90.000 deg))
  SwerveModuleState(Speed: 0.30 m/s, Angle: (90.000 deg))
  SwerveModuleState(Speed: -0.30 m/s, Angle: (-90.000 deg))
  SwerveModuleState(Speed: -0.30 m/s, Angle: (-90.000 deg))

ChassisSpeeds(Vx: 0.00 m/s, Vy: 0.20 m/s, Omega: -0.00 rad/s)
  SwerveModuleState(Speed: 0.20 m/s, Angle: (90.000 deg))
  SwerveModuleState(Speed: 0.20 m/s, Angle: (90.000 deg))
  SwerveModuleState(Speed: -0.20 m/s, Angle: (-90.000 deg))
  SwerveModuleState(Speed: -0.20 m/s, Angle: (-90.000 deg))

ChassisSpeeds(Vx: 0.00 m/s, Vy: 0.10 m/s, Omega: -0.00 rad/s)
  SwerveModuleState(Speed: 0.10 m/s, Angle: (90.000 deg))
  SwerveModuleState(Speed: 0.10 m/s, Angle: (90.000 deg))
  SwerveModuleState(Speed: -0.10 m/s, Angle: (-90.000 deg))
  SwerveModuleState(Speed: -0.10 m/s, Angle: (-90.000 deg))

ChassisSpeeds(Vx: 0.00 m/s, Vy: 0.00 m/s, Omega: -0.00 rad/s)
  SwerveModuleState(Speed: 0.00 m/s, Angle: (90.000 deg))
  SwerveModuleState(Speed: -0.00 m/s, Angle: (90.000 deg))
  SwerveModuleState(Speed: -0.00 m/s, Angle: (-90.000 deg))
  SwerveModuleState(Speed: 0.00 m/s, Angle: (-90.000 deg))

ChassisSpeeds(Vx: 0.01 m/s, Vy: -0.10 m/s, Omega: 0.00 rad/s)
  SwerveModuleState(Speed: -0.10 m/s, Angle: (95.711 deg))
  SwerveModuleState(Speed: -0.10 m/s, Angle: (95.711 deg))
  SwerveModuleState(Speed: 0.10 m/s, Angle: (-84.289 deg))
  SwerveModuleState(Speed: 0.10 m/s, Angle: (-84.289 deg))

ChassisSpeeds(Vx: 0.02 m/s, Vy: -0.20 m/s, Omega: 0.00 rad/s)
  SwerveModuleState(Speed: -0.20 m/s, Angle: (95.711 deg))
  SwerveModuleState(Speed: -0.20 m/s, Angle: (95.711 deg))
  SwerveModuleState(Speed: 0.20 m/s, Angle: (-84.289 deg))
  SwerveModuleState(Speed: 0.20 m/s, Angle: (-84.289 deg))

ChassisSpeeds(Vx: 0.03 m/s, Vy: -0.30 m/s, Omega: 0.00 rad/s)
  SwerveModuleState(Speed: -0.30 m/s, Angle: (95.711 deg))
  SwerveModuleState(Speed: -0.30 m/s, Angle: (95.711 deg))
  SwerveModuleState(Speed: 0.30 m/s, Angle: (-84.289 deg))
  SwerveModuleState(Speed: 0.30 m/s, Angle: (-84.289 deg))

ChassisSpeeds(Vx: 0.04 m/s, Vy: -0.40 m/s, Omega: 0.00 rad/s)
  SwerveModuleState(Speed: -0.40 m/s, Angle: (95.711 deg))
  SwerveModuleState(Speed: -0.40 m/s, Angle: (95.711 deg))
  SwerveModuleState(Speed: 0.40 m/s, Angle: (-84.289 deg))
  SwerveModuleState(Speed: 0.40 m/s, Angle: (-84.289 deg))

ChassisSpeeds(Vx: 0.05 m/s, Vy: -0.50 m/s, Omega: 0.00 rad/s)
  SwerveModuleState(Speed: -0.50 m/s, Angle: (95.711 deg))
  SwerveModuleState(Speed: -0.50 m/s, Angle: (95.711 deg))
  SwerveModuleState(Speed: 0.50 m/s, Angle: (-84.289 deg))
  SwerveModuleState(Speed: 0.50 m/s, Angle: (-84.289 deg))

ChassisSpeeds(Vx: 0.06 m/s, Vy: -0.60 m/s, Omega: 0.00 rad/s)
  SwerveModuleState(Speed: -0.60 m/s, Angle: (95.711 deg))
  SwerveModuleState(Speed: -0.60 m/s, Angle: (95.711 deg))
  SwerveModuleState(Speed: 0.60 m/s, Angle: (-84.289 deg))
  SwerveModuleState(Speed: 0.60 m/s, Angle: (-84.289 deg))

ChassisSpeeds(Vx: 0.07 m/s, Vy: -0.70 m/s, Omega: 0.00 rad/s)
  SwerveModuleState(Speed: -0.70 m/s, Angle: (95.711 deg))
  SwerveModuleState(Speed: -0.70 m/s, Angle: (95.711 deg))
  SwerveModuleState(Speed: 0.70 m/s, Angle: (-84.289 deg))
  SwerveModuleState(Speed: 0.70 m/s, Angle: (-84.289 deg))

ChassisSpeeds(Vx: 0.08 m/s, Vy: -0.80 m/s, Omega: 0.00 rad/s)
  SwerveModuleState(Speed: -0.80 m/s, Angle: (95.711 deg))
  SwerveModuleState(Speed: -0.80 m/s, Angle: (95.711 deg))
  SwerveModuleState(Speed: 0.80 m/s, Angle: (-84.289 deg))
  SwerveModuleState(Speed: 0.80 m/s, Angle: (-84.289 deg))

ChassisSpeeds(Vx: 0.09 m/s, Vy: -0.90 m/s, Omega: 0.00 rad/s)
  SwerveModuleState(Speed: -0.90 m/s, Angle: (95.711 deg))
  SwerveModuleState(Speed: -0.90 m/s, Angle: (95.711 deg))
  SwerveModuleState(Speed: 0.90 m/s, Angle: (-84.289 deg))
  SwerveModuleState(Speed: 0.90 m/s, Angle: (-84.289 deg))

ChassisSpeeds(Vx: 0.10 m/s, Vy: -1.00 m/s, Omega: 0.00 rad/s)
  SwerveModuleState(Speed: -1.00 m/s, Angle: (95.711 deg))
  SwerveModuleState(Speed: -1.00 m/s, Angle: (95.711 deg))
  SwerveModuleState(Speed: 1.00 m/s, Angle: (-84.289 deg))
  SwerveModuleState(Speed: 1.00 m/s, Angle: (-84.289 deg))

ChassisSpeeds(Vx: 0.10 m/s, Vy: -1.00 m/s, Omega: 0.00 rad/s)
  SwerveModuleState(Speed: -1.00 m/s, Angle: (95.711 deg))
  SwerveModuleState(Speed: -1.00 m/s, Angle: (95.711 deg))
  SwerveModuleState(Speed: 1.00 m/s, Angle: (-84.289 deg))
  SwerveModuleState(Speed: 1.00 m/s, Angle: (-84.289 deg))

Driving to goal state ChassisSpeeds(Vx: 1.00 m/s, Vy: -0.50 m/s, Omega: 0.00 rad/s)
Initial state: ChassisSpeeds(Vx: 0.10 m/s, Vy: -1.00 m/s, Omega: 0.00 rad/s)
  SwerveModuleState(Speed: -1.00 m/s, Angle: (95.711 deg))
  SwerveModuleState(Speed: -1.00 m/s, Angle: (95.711 deg))
  SwerveModuleState(Speed: 1.00 m/s, Angle: (-84.289 deg))
  SwerveModuleState(Speed: 1.00 m/s, Angle: (-84.289 deg))

ChassisSpeeds(Vx: 0.33 m/s, Vy: -0.87 m/s, Omega: 0.00 rad/s)
  SwerveModuleState(Speed: -0.93 m/s, Angle: (110.711 deg))
  SwerveModuleState(Speed: -0.93 m/s, Angle: (110.711 deg))
  SwerveModuleState(Speed: 0.93 m/s, Angle: (-69.289 deg))
  SwerveModuleState(Speed: 0.93 m/s, Angle: (-69.289 deg))

ChassisSpeeds(Vx: 0.54 m/s, Vy: -0.75 m/s, Omega: 0.00 rad/s)
  SwerveModuleState(Speed: -0.93 m/s, Angle: (125.711 deg))
  SwerveModuleState(Speed: -0.93 m/s, Angle: (125.711 deg))
  SwerveModuleState(Speed: 0.93 m/s, Angle: (-54.289 deg))
  SwerveModuleState(Speed: 0.93 m/s, Angle: (-54.289 deg))

ChassisSpeeds(Vx: 0.77 m/s, Vy: -0.63 m/s, Omega: 0.00 rad/s)
  SwerveModuleState(Speed: -0.99 m/s, Angle: (140.711 deg))
  SwerveModuleState(Speed: -0.99 m/s, Angle: (140.711 deg))
  SwerveModuleState(Speed: 0.99 m/s, Angle: (-39.289 deg))
  SwerveModuleState(Speed: 0.99 m/s, Angle: (-39.289 deg))

ChassisSpeeds(Vx: 0.96 m/s, Vy: -0.52 m/s, Omega: 0.00 rad/s)
  SwerveModuleState(Speed: -1.09 m/s, Angle: (151.450 deg))
  SwerveModuleState(Speed: -1.09 m/s, Angle: (151.450 deg))
  SwerveModuleState(Speed: 1.09 m/s, Angle: (-28.550 deg))
  SwerveModuleState(Speed: 1.09 m/s, Angle: (-28.550 deg))

ChassisSpeeds(Vx: 1.00 m/s, Vy: -0.50 m/s, Omega: 0.00 rad/s)
  SwerveModuleState(Speed: -1.12 m/s, Angle: (153.435 deg))
  SwerveModuleState(Speed: -1.12 m/s, Angle: (153.435 deg))
  SwerveModuleState(Speed: 1.12 m/s, Angle: (-26.565 deg))
  SwerveModuleState(Speed: 1.12 m/s, Angle: (-26.565 deg))

Driving to goal state ChassisSpeeds(Vx: 1.00 m/s, Vy: 0.40 m/s, Omega: 0.00 rad/s)
Initial state: ChassisSpeeds(Vx: 1.00 m/s, Vy: -0.50 m/s, Omega: 0.00 rad/s)
  SwerveModuleState(Speed: -1.12 m/s, Angle: (153.435 deg))
  SwerveModuleState(Speed: -1.12 m/s, Angle: (153.435 deg))
  SwerveModuleState(Speed: 1.12 m/s, Angle: (-26.565 deg))
  SwerveModuleState(Speed: 1.12 m/s, Angle: (-26.565 deg))

ChassisSpeeds(Vx: 1.00 m/s, Vy: -0.20 m/s, Omega: 0.00 rad/s)
  SwerveModuleState(Speed: -1.02 m/s, Angle: (168.435 deg))
  SwerveModuleState(Speed: -1.02 m/s, Angle: (168.435 deg))
  SwerveModuleState(Speed: 1.02 m/s, Angle: (-11.565 deg))
  SwerveModuleState(Speed: 1.02 m/s, Angle: (-11.565 deg))

ChassisSpeeds(Vx: 1.00 m/s, Vy: 0.06 m/s, Omega: 0.00 rad/s)
  SwerveModuleState(Speed: -1.00 m/s, Angle: (-176.565 deg))
  SwerveModuleState(Speed: -1.00 m/s, Angle: (-176.565 deg))
  SwerveModuleState(Speed: 1.00 m/s, Angle: (3.435 deg))
  SwerveModuleState(Speed: 1.00 m/s, Angle: (3.435 deg))

ChassisSpeeds(Vx: 1.00 m/s, Vy: 0.33 m/s, Omega: 0.00 rad/s)
  SwerveModuleState(Speed: -1.05 m/s, Angle: (-161.565 deg))
  SwerveModuleState(Speed: -1.05 m/s, Angle: (-161.565 deg))
  SwerveModuleState(Speed: 1.05 m/s, Angle: (18.435 deg))
  SwerveModuleState(Speed: 1.05 m/s, Angle: (18.435 deg))

ChassisSpeeds(Vx: 1.00 m/s, Vy: 0.40 m/s, Omega: 0.00 rad/s)
  SwerveModuleState(Speed: -1.08 m/s, Angle: (-158.199 deg))
  SwerveModuleState(Speed: -1.08 m/s, Angle: (-158.199 deg))
  SwerveModuleState(Speed: 1.08 m/s, Angle: (21.801 deg))
  SwerveModuleState(Speed: 1.08 m/s, Angle: (21.801 deg))

]]></system-out>
  <system-err><![CDATA[]]></system-err>
</testsuite>
