<?xml version="1.0" encoding="UTF-8"?>
<testsuite name="com.team254.frc2022.TestSystemTest" tests="1" skipped="0" failures="0" errors="0" timestamp="2023-01-06T00:16:48" hostname="C02YX0C2LVDT" time="0.0">
  <properties/>
  <testcase name="test" classname="com.team254.frc2022.TestSystemTest" time="0.0"/>
  <system-out><![CDATA[]]></system-out>
  <system-err><![CDATA[]]></system-err>
</testsuite>
