<?xml version="1.0" encoding="UTF-8"?>
<testsuite name="com.team254.lib.trajectory.PurePursuitControllerTest" tests="1" skipped="0" failures="0" errors="0" timestamp="2023-01-06T00:16:50" hostname="C02YX0C2LVDT" time="0.046">
  <properties/>
  <testcase name="test" classname="com.team254.lib.trajectory.PurePursuitControllerTest" time="0.046"/>
  <system-out><![CDATA[Iter: 0, Pose: T:(0.000,0.000), R:(0.000 deg), Steering Command: (1.000,0.000,1.250 deg)
Iter: 1, Pose: T:(1.000,0.011), R:(1.250 deg), Steering Command: (1.000,-0.002,1.250 deg)
Iter: 2, Pose: T:(1.999,0.042), R:(2.500 deg), Steering Command: (1.000,-0.007,1.250 deg)
Iter: 3, Pose: T:(2.998,0.089), R:(3.750 deg), Steering Command: (1.000,-0.015,1.250 deg)
Iter: 4, Pose: T:(3.996,0.151), R:(4.999 deg), Steering Command: (1.000,-0.025,1.249 deg)
Iter: 5, Pose: T:(4.994,0.224), R:(6.248 deg), Steering Command: (0.999,-0.037,1.248 deg)
Iter: 6, Pose: T:(5.990,0.306), R:(7.496 deg), Steering Command: (0.999,-0.051,1.247 deg)
Iter: 7, Pose: T:(6.986,0.397), R:(8.743 deg), Steering Command: (0.998,-0.066,1.246 deg)
Iter: 8, Pose: T:(7.981,0.494), R:(9.989 deg), Steering Command: (0.997,-0.082,1.244 deg)
Iter: 9, Pose: T:(8.976,0.597), R:(11.233 deg), Steering Command: (0.995,-0.099,1.242 deg)
Iter: 10, Pose: T:(9.970,0.705), R:(12.474 deg), Steering Command: (0.993,-0.116,1.240 deg)
Iter: 11, Pose: T:(10.964,0.817), R:(13.714 deg), Steering Command: (0.991,-0.134,1.237 deg)
Iter: 12, Pose: T:(11.957,0.932), R:(14.951 deg), Steering Command: (0.988,-0.153,1.235 deg)
Iter: 13, Pose: T:(12.950,1.051), R:(16.186 deg), Steering Command: (0.985,-0.171,1.232 deg)
Iter: 14, Pose: T:(13.943,1.172), R:(17.418 deg), Steering Command: (0.982,-0.190,1.229 deg)
Iter: 15, Pose: T:(14.935,1.295), R:(18.647 deg), Steering Command: (0.978,-0.209,1.226 deg)
Iter: 16, Pose: T:(15.927,1.421), R:(19.873 deg), Steering Command: (0.974,-0.228,1.223 deg)
Iter: 17, Pose: T:(16.919,1.548), R:(21.096 deg), Steering Command: (0.969,-0.247,1.220 deg)
Iter: 18, Pose: T:(17.911,1.677), R:(22.315 deg), Steering Command: (0.964,-0.266,1.217 deg)
Iter: 19, Pose: T:(18.902,1.808), R:(23.532 deg), Steering Command: (0.982,-0.186,1.394 deg)
Iter: 20, Pose: T:(19.874,2.041), R:(24.926 deg), Steering Command: (0.994,-0.112,1.544 deg)
Iter: 21, Pose: T:(20.818,2.371), R:(26.470 deg), Steering Command: (0.999,-0.047,1.664 deg)
Iter: 22, Pose: T:(21.728,2.787), R:(28.134 deg), Steering Command: (0.992,0.128,1.828 deg)
Iter: 23, Pose: T:(22.533,3.381), R:(29.962 deg), Steering Command: (0.989,0.149,1.843 deg)
Iter: 24, Pose: T:(23.305,4.016), R:(31.805 deg), Steering Command: (0.987,0.163,1.847 deg)
Iter: 25, Pose: T:(24.046,4.687), R:(33.653 deg), Steering Command: (0.985,0.170,1.842 deg)
Iter: 26, Pose: T:(24.761,5.386), R:(35.495 deg), Steering Command: (0.985,0.172,1.831 deg)
Iter: 27, Pose: T:(25.452,6.109), R:(37.326 deg), Steering Command: (0.986,0.169,1.816 deg)
Iter: 28, Pose: T:(26.121,6.852), R:(39.142 deg), Steering Command: (0.987,0.162,1.798 deg)
Iter: 29, Pose: T:(26.773,7.610), R:(40.939 deg), Steering Command: (0.988,0.151,1.778 deg)
Iter: 30, Pose: T:(27.409,8.382), R:(42.717 deg), Steering Command: (0.990,0.139,1.757 deg)
Iter: 31, Pose: T:(28.030,9.166), R:(44.474 deg), Steering Command: (0.992,0.124,1.737 deg)
Iter: 32, Pose: T:(28.639,9.959), R:(46.211 deg), Steering Command: (0.994,0.108,1.717 deg)
Iter: 33, Pose: T:(29.237,10.760), R:(47.928 deg), Steering Command: (0.996,0.091,1.697 deg)
Iter: 34, Pose: T:(29.825,11.569), R:(49.625 deg), Steering Command: (0.998,0.069,1.680 deg)
Iter: 35, Pose: T:(30.407,12.382), R:(51.305 deg), Steering Command: (0.998,-0.058,1.699 deg)
Iter: 36, Pose: T:(31.065,13.135), R:(53.004 deg), Steering Command: (0.982,-0.187,1.576 deg)
Iter: 37, Pose: T:(31.796,13.817), R:(54.580 deg), Steering Command: (0.960,-0.280,1.616 deg)
Iter: 38, Pose: T:(32.572,14.449), R:(56.196 deg), Steering Command: (0.935,-0.355,1.647 deg)
Iter: 39, Pose: T:(33.378,15.040), R:(57.844 deg), Steering Command: (0.881,-0.474,1.516 deg)
Iter: 40, Pose: T:(34.241,15.545), R:(59.360 deg), Steering Command: (0.853,-0.522,1.578 deg)
Iter: 41, Pose: T:(35.119,16.025), R:(60.938 deg), Steering Command: (0.773,-0.634,1.439 deg)
Iter: 42, Pose: T:(36.044,16.404), R:(62.377 deg), Steering Command: (0.749,-0.662,1.533 deg)
Iter: 43, Pose: T:(36.973,16.774), R:(63.910 deg), Steering Command: (0.648,-0.762,1.383 deg)
Iter: 44, Pose: T:(37.939,17.032), R:(65.293 deg), Steering Command: (0.631,-0.776,1.508 deg)
Iter: 45, Pose: T:(38.904,17.293), R:(66.801 deg), Steering Command: (0.508,-0.861,1.346 deg)
Iter: 46, Pose: T:(39.894,17.433), R:(68.147 deg), Steering Command: (0.500,-0.866,1.503 deg)
Iter: 47, Pose: T:(40.882,17.588), R:(69.650 deg), Steering Command: (0.491,-0.871,1.625 deg)
Iter: 48, Pose: T:(41.867,17.759), R:(71.275 deg), Steering Command: (0.351,-0.936,1.430 deg)
Iter: 49, Pose: T:(42.866,17.804), R:(72.705 deg), Steering Command: (0.349,-0.937,1.593 deg)
Iter: 50, Pose: T:(43.864,17.872), R:(74.299 deg), Steering Command: (0.346,-0.938,1.722 deg)
Iter: 51, Pose: T:(44.859,17.966), R:(76.020 deg), Steering Command: (0.192,-0.981,1.489 deg)
Iter: 52, Pose: T:(45.859,17.929), R:(77.509 deg), Steering Command: (0.194,-0.981,1.665 deg)
Iter: 53, Pose: T:(46.859,17.921), R:(79.175 deg), Steering Command: (0.194,-0.981,1.806 deg)
Iter: 54, Pose: T:(47.858,17.943), R:(80.981 deg), Steering Command: (0.193,-0.981,1.914 deg)
Iter: 55, Pose: T:(48.857,17.996), R:(82.895 deg), Steering Command: (0.192,-0.981,1.993 deg)
Iter: 56, Pose: T:(49.853,18.083), R:(84.888 deg), Steering Command: (0.029,-1.000,1.674 deg)
Iter: 57, Pose: T:(50.852,18.037), R:(86.562 deg), Steering Command: (-0.135,-0.991,1.397 deg)
Iter: 58, Pose: T:(51.835,17.855), R:(87.959 deg), Steering Command: (-0.295,-0.956,1.161 deg)
Iter: 59, Pose: T:(52.783,17.536), R:(89.120 deg), Steering Command: (-0.445,-0.895,0.963 deg)
Iter: 60, Pose: T:(53.675,17.084), R:(90.083 deg), Steering Command: (-0.583,-0.813,0.798 deg)
Iter: 61, Pose: T:(54.493,16.508), R:(90.881 deg), Steering Command: (-0.704,-0.711,0.661 deg)
Iter: 62, Pose: T:(55.218,15.820), R:(91.541 deg), Steering Command: (-0.805,-0.593,0.548 deg)
Iter: 63, Pose: T:(55.836,15.034), R:(92.090 deg), Steering Command: (-0.886,-0.463,0.455 deg)
Iter: 64, Pose: T:(56.335,14.167), R:(92.545 deg), Steering Command: (-0.946,-0.325,0.379 deg)
Iter: 65, Pose: T:(56.705,13.238), R:(92.924 deg), Steering Command: (-0.983,-0.182,0.317 deg)
Iter: 66, Pose: T:(56.940,12.266), R:(93.241 deg), Steering Command: (-0.999,-0.038,0.265 deg)
Iter: 67, Pose: T:(57.037,11.271), R:(93.506 deg), Steering Command: (-0.995,0.104,0.223 deg)
Iter: 68, Pose: T:(56.996,10.272), R:(93.728 deg), Steering Command: (-0.971,0.241,0.187 deg)
Iter: 69, Pose: T:(56.821,9.287), R:(93.916 deg), Steering Command: (-0.929,0.371,0.158 deg)
Iter: 70, Pose: T:(56.515,8.335), R:(94.074 deg), Steering Command: (-0.871,0.492,0.134 deg)
Iter: 71, Pose: T:(56.088,7.431), R:(94.208 deg), Steering Command: (-0.798,0.602,0.114 deg)
Iter: 72, Pose: T:(55.546,6.590), R:(94.322 deg), Steering Command: (-0.714,0.700,0.097 deg)
Iter: 73, Pose: T:(54.903,5.825), R:(94.420 deg), Steering Command: (-0.619,0.785,0.083 deg)
Iter: 74, Pose: T:(54.168,5.146), R:(94.503 deg), Steering Command: (-0.517,0.856,0.071 deg)
Iter: 75, Pose: T:(53.356,4.563), R:(94.574 deg), Steering Command: (-0.408,0.913,0.061 deg)
Iter: 76, Pose: T:(52.479,4.083), R:(94.635 deg), Steering Command: (-0.296,0.955,0.053 deg)
Iter: 77, Pose: T:(51.551,3.711), R:(94.688 deg), Steering Command: (-0.180,0.984,0.046 deg)
Iter: 78, Pose: T:(50.585,3.450), R:(94.734 deg), Steering Command: (-0.065,0.998,0.040 deg)
Iter: 79, Pose: T:(49.596,3.303), R:(94.774 deg), Steering Command: (0.050,0.999,0.034 deg)
Iter: 80, Pose: T:(48.597,3.269), R:(94.808 deg), Steering Command: (0.162,0.987,0.030 deg)
Iter: 81, Pose: T:(47.600,3.347), R:(94.838 deg), Steering Command: (0.270,0.963,0.026 deg)
Iter: 82, Pose: T:(46.618,3.535), R:(94.864 deg), Steering Command: (0.374,0.927,0.023 deg)
Iter: 83, Pose: T:(45.662,3.829), R:(94.887 deg), Steering Command: (0.471,0.882,0.020 deg)
Iter: 84, Pose: T:(44.743,4.223), R:(94.907 deg), Steering Command: (0.562,0.827,0.018 deg)
Iter: 85, Pose: T:(43.871,4.712), R:(94.925 deg), Steering Command: (0.645,0.764,0.016 deg)
Iter: 86, Pose: T:(43.054,5.290), R:(94.941 deg), Steering Command: (0.721,0.693,0.014 deg)
Iter: 87, Pose: T:(42.301,5.948), R:(94.954 deg), Steering Command: (0.787,0.617,0.012 deg)
Iter: 88, Pose: T:(41.619,6.679), R:(94.966 deg), Steering Command: (0.845,0.535,0.011 deg)
Iter: 89, Pose: T:(41.013,7.475), R:(94.977 deg), Steering Command: (0.894,0.449,0.010 deg)
Iter: 90, Pose: T:(40.489,8.326), R:(94.987 deg), Steering Command: (0.933,0.359,0.008 deg)
Iter: 91, Pose: T:(40.049,9.225), R:(94.995 deg), Steering Command: (0.963,0.268,0.008 deg)
Iter: 92, Pose: T:(39.699,10.161), R:(95.003 deg), Steering Command: (0.985,0.175,0.007 deg)
Iter: 93, Pose: T:(39.438,11.126), R:(95.010 deg), Steering Command: (0.997,0.082,0.006 deg)
Iter: 94, Pose: T:(39.269,12.112), R:(95.016 deg), Steering Command: (1.000,-0.010,0.005 deg)
Iter: 95, Pose: T:(39.192,13.109), R:(95.021 deg), Steering Command: (0.995,-0.102,0.005 deg)
Iter: 96, Pose: T:(39.206,14.109), R:(95.026 deg), Steering Command: (0.982,-0.191,0.004 deg)
Iter: 97, Pose: T:(39.311,15.104), R:(95.030 deg), Steering Command: (0.961,-0.278,0.004 deg)
Iter: 98, Pose: T:(39.504,16.085), R:(95.034 deg), Steering Command: (0.932,-0.362,0.004 deg)
Iter: 99, Pose: T:(39.782,17.045), R:(95.038 deg), Steering Command: (0.897,-0.442,0.003 deg)
i = 100
]]></system-out>
  <system-err><![CDATA[]]></system-err>
</testsuite>
