<?xml version="1.0" encoding="UTF-8"?>
<testsuite name="com.team254.lib.trajectory.timing.TimedStateTest" tests="1" skipped="0" failures="0" errors="0" timestamp="2023-01-06T00:16:50" hostname="C02YX0C2LVDT" time="0.011">
  <properties/>
  <testcase name="test" classname="com.team254.lib.trajectory.timing.TimedStateTest" time="0.011"/>
  <system-out><![CDATA[T:(0.000,0.000), R:(0.000 deg), t: 0.000, v: 0.000, a: 1.000
]]></system-out>
  <system-err><![CDATA[]]></system-err>
</testsuite>
