<?xml version="1.0" encoding="UTF-8"?>
<testsuite name="com.team254.lib.motion.MotionSegmentTest" tests="1" skipped="0" failures="0" errors="0" timestamp="2023-01-06T00:16:49" hostname="C02YX0C2LVDT" time="0.0">
  <properties/>
  <testcase name="valid" classname="com.team254.lib.motion.MotionSegmentTest" time="0.0"/>
  <system-out><![CDATA[]]></system-out>
  <system-err><![CDATA[Segment acceleration not constant! Start acc: 0.0, End acc: 1.0
Segment not consistent! Start: (t=0.0, pos=0.0, vel=0.0, acc=1.0), End: (t=1.0, pos=0.0, vel=1.0, acc=1.0)
]]></system-err>
</testsuite>
