<?xml version="1.0" encoding="UTF-8"?>
<testsuite name="com.team254.lib.util.PolynomialRegressionTest" tests="1" skipped="0" failures="0" errors="0" timestamp="2023-01-06T00:16:50" hostname="C02YX0C2LVDT" time="0.019">
  <properties/>
  <testcase name="testPolynomialRegression" classname="com.team254.lib.util.PolynomialRegressionTest" time="0.019"/>
  <system-out><![CDATA[NIS: utun1
Skipping adaptor: utun1
NIS: utun0
Skipping adaptor: utun0
NIS: llw0
Skipping adaptor: llw0
NIS: awdl0
Skipping adaptor: awdl0
NIS: en6
Skipping adaptor: en6
NIS: en0
Skipping adaptor: en0
NIS: lo0
Skipping adaptor: lo0
Hood: 4.85 x + -5.39   (R^2 = 0.970)
RPM: 69.76 x + 599.90   (R^2 = 0.974)
]]></system-out>
  <system-err><![CDATA[]]></system-err>
</testsuite>
